<?xml version="1.0" encoding="UTF-8" ?>
<testsuite failures="0" time="10.097" errors="0" skipped="0" tests="54" name="rx.internal.operators.OperatorMergeTest">
  <properties>
[...]
</properties>
  <testcase time="0.03" classname="rx.internal.operators.OperatorMergeTest" name="testUnboundedDefaultConcurrency"/>
  <testcase time="0.001" classname="rx.internal.operators.OperatorMergeTest" name="testMergeList"/>
  <testcase time="0.003" classname="rx.internal.operators.OperatorMergeTest" name="testBackpressureUpstream2"/>
  <testcase time="0.254" classname="rx.internal.operators.OperatorMergeTest" name="testConcurrencyWithBrokenOnCompleteContract"/>
  <testcase time="0" classname="rx.internal.operators.OperatorMergeTest" name="testMergeArray"/>
  <testcase time="0.123" classname="rx.internal.operators.OperatorMergeTest" name="merge1000AsyncStreamOf1000"/>
  <testcase time="0.002" classname="rx.internal.operators.OperatorMergeTest" name="shouldNotCompleteIfThereArePendingScalarSynchronousEmissionsWhenTheLastInnerSubscriberCompletes"/>
  <testcase time="0.832" classname="rx.internal.operators.OperatorMergeTest" name="testMergeKeepsRequesting"/>
  <testcase time="0.005" classname="rx.internal.operators.OperatorMergeTest" name="testUnSubscribeObservableOfObservables"/>
  <testcase time="0.002" classname="rx.internal.operators.OperatorMergeTest" name="mergeJustNull"/>
  <testcase time="0" classname="rx.internal.operators.OperatorMergeTest" name="shouldNotReceivedDelayedErrorWhileThereAreStillNormalEmissionsInTheQueue"/>
  <testcase time="0.004" classname="rx.internal.operators.OperatorMergeTest" name="testMergeArrayWithThreading"/>
  <testcase time="0" classname="rx.internal.operators.OperatorMergeTest" name="mergeWithNullValues"/>
  <testcase time="1.814" classname="rx.internal.operators.OperatorMergeTest" name="mergeManyAsyncSingle"/>
  <testcase time="0.002" classname="rx.internal.operators.OperatorMergeTest" name="testUnsubscribeAsObservablesComplete"/>
  <testcase time="0" classname="rx.internal.operators.OperatorMergeTest" name="shouldNotReceivedDelayedErrorWhileThereAreStillScalarSynchronousEmissionsInTheQueue"/>
  <testcase time="0.405" classname="rx.internal.operators.OperatorMergeTest" name="testBackpressureBothUpstreamAndDownstreamWithRegularObservables"/>
  <testcase time="0.001" classname="rx.internal.operators.OperatorMergeTest" name="mergeWithTerminalEventAfterUnsubscribe"/>
  <testcase time="0.018" classname="rx.internal.operators.OperatorMergeTest" name="testMergeRequestOverflow"/>
  <testcase time="0" classname="rx.internal.operators.OperatorMergeTest" name="delayedErrorsShouldBeEmittedWhenCompleteAfterApplyingBackpressure_FastPath"/>
  <testcase time="0.233" classname="rx.internal.operators.OperatorMergeTest" name="testBackpressureDownstreamWithConcurrentStreams"/>
  <testcase time="0.001" classname="rx.internal.operators.OperatorMergeTest" name="merge1AsyncStreamOf1"/>
  <testcase time="0" classname="rx.internal.operators.OperatorMergeTest" name="mergingNullObservable"/>
  <testcase time="0.005" classname="rx.internal.operators.OperatorMergeTest" name="testFastMergeFullScalar"/>
  <testcase time="0.003" classname="rx.internal.operators.OperatorMergeTest" name="zeroMaxConcurrent"/>
  <testcase time="0" classname="rx.internal.operators.OperatorMergeTest" name="shouldCompleteAfterApplyingBackpressure_FastPath"/>
  <testcase time="0.149" classname="rx.internal.operators.OperatorMergeTest" name="merge1000000SyncStreamOf1"/>
  <testcase time="0.024" classname="rx.internal.operators.OperatorMergeTest" name="testSlowMergeHiddenScalar"/>
  <testcase time="6.17" classname="rx.internal.operators.OperatorMergeTest" name="testBackpressureUpstream2InLoop"/>
  <testcase time="0" classname="rx.internal.operators.OperatorMergeTest" name="testMergeObservableOfObservables"/>
  <testcase time="0.015" classname="rx.internal.operators.OperatorMergeTest" name="testBackpressureUpstream"/>
  <testcase time="0.001" classname="rx.internal.operators.OperatorMergeTest" name="testBackpressureBothUpstreamAndDownstreamWithSynchronousScalarObservables"/>
  <testcase time="0" classname="rx.internal.operators.OperatorMergeTest" name="testEarlyUnsubscribe"/>
  <testcase time="0" classname="rx.internal.operators.OperatorMergeTest" name="testThrownErrorHandling"/>
  <testcase time="0" classname="rx.internal.operators.OperatorMergeTest" name="testConcurrency"/>
  <testcase time="0" classname="rx.internal.operators.OperatorMergeTest" name="negativeMaxConcurrent"/>
  <testcase time="0" classname="rx.internal.operators.OperatorMergeTest" name="shouldNotCompleteWhileThereAreStillScalarSynchronousEmissionsInTheQueue"/>
  <testcase time="0" classname="rx.internal.operators.OperatorMergeTest" name="testSlowMergeFullScalar"/>
  <testcase time="0" classname="rx.internal.operators.OperatorMergeTest" name="merge2000AsyncStreamOf100"/>
  <testcase time="0" classname="rx.internal.operators.OperatorMergeTest" name="merge100AsyncStreamOf1"/>
  <testcase time="0" classname="rx.internal.operators.OperatorMergeTest" name="testConcurrencyLimit"/>
  <testcase time="0" classname="rx.internal.operators.OperatorMergeTest" name="shouldCompleteAfterApplyingBackpressure_NormalPath"/>
  <testcase time="0" classname="rx.internal.operators.OperatorMergeTest" name="merge1SyncStreamOf1"/>
  <testcase time="0" classname="rx.internal.operators.OperatorMergeTest" name="merge1000SyncStreamOf1000"/>
  <testcase time="0" classname="rx.internal.operators.OperatorMergeTest" name="testError1"/>
  <testcase time="0" classname="rx.internal.operators.OperatorMergeTest" name="testError2"/>
  <testcase time="0" classname="rx.internal.operators.OperatorMergeTest" name="testSynchronizationOfMultipleSequences"/>
  <testcase time="0" classname="rx.internal.operators.OperatorMergeTest" name="testFastMergeHiddenScalar"/>
  <testcase time="0" classname="rx.internal.operators.OperatorMergeTest" name="merge10AsyncStreamOf1000"/>
  <testcase time="0" classname="rx.internal.operators.OperatorMergeTest" name="merge1SyncStreamOf1000000"/>
  <testcase time="0" classname="rx.internal.operators.OperatorMergeTest" name="testConcurrencyWithSleeping"/>
  <testcase time="0" classname="rx.internal.operators.OperatorMergeTest" name="merge10000SyncStreamOf10"/>
  <testcase time="0" classname="rx.internal.operators.OperatorMergeTest" name="merge1AsyncStreamOf1000"/>
  <testcase time="0" classname="rx.internal.operators.OperatorMergeTest" name="delayedErrorsShouldBeEmittedWhenCompleteAfterApplyingBackpressure_NormalPath"/>
</testsuite>