<?xml version="1.0" encoding="UTF-8" ?>
<testsuite failures="0" time="12.888" errors="0" skipped="0" tests="22" name="rx.internal.operators.OperatorSwitchTest">
  <properties>
[...]
</properties>
  <testcase time="0.005" classname="rx.internal.operators.OperatorSwitchTest" name="backpressure"/>
  <testcase time="0.004" classname="rx.internal.operators.OperatorSwitchTest" name="testSwitchIssue737"/>
  <testcase time="0.002" classname="rx.internal.operators.OperatorSwitchTest" name="testSwitchWithSubsequenceComplete"/>
  <testcase time="0.557" classname="rx.internal.operators.OperatorSwitchTest" name="producerIsNotRetained"/>
  <testcase time="8.085" classname="rx.internal.operators.OperatorSwitchTest" name="asyncInner"/>
  <testcase time="0.004" classname="rx.internal.operators.OperatorSwitchTest" name="backpressureWithSwitch"/>
  <testcase time="0.302" classname="rx.internal.operators.OperatorSwitchTest" name="testSecondaryRequestsDontOverflow"/>
  <testcase time="0.004" classname="rx.internal.operators.OperatorSwitchTest" name="testBackpressure"/>
  <testcase time="0.001" classname="rx.internal.operators.OperatorSwitchTest" name="mainError"/>
  <testcase time="0.001" classname="rx.internal.operators.OperatorSwitchTest" name="innerAllError"/>
  <testcase time="0.001" classname="rx.internal.operators.OperatorSwitchTest" name="testUnsubscribe"/>
  <testcase time="0.501" classname="rx.internal.operators.OperatorSwitchTest" name="switchAsyncHeavily"/>
  <testcase time="0.002" classname="rx.internal.operators.OperatorSwitchTest" name="testSwitchWhenInnerCompleteBeforeOuter"/>
  <testcase time="0.309" classname="rx.internal.operators.OperatorSwitchTest" name="testSecondaryRequestsAdditivelyAreMoreThanLongMaxValueInducesMaxValueRequestFromUpstream"/>
  <testcase time="0.305" classname="rx.internal.operators.OperatorSwitchTest" name="testInitialRequestsAreAdditive"/>
  <testcase time="0.001" classname="rx.internal.operators.OperatorSwitchTest" name="testSwitchWhenOuterCompleteBeforeInner"/>
  <testcase time="0.003" classname="rx.internal.operators.OperatorSwitchTest" name="testSwitchWithError"/>
  <testcase time="0.001" classname="rx.internal.operators.OperatorSwitchTest" name="innerError"/>
  <testcase time="2.493" classname="rx.internal.operators.OperatorSwitchTest" name="testIssue2654"/>
  <testcase time="0.002" classname="rx.internal.operators.OperatorSwitchTest" name="testSwitchWithSubsequenceError"/>
  <testcase time="0.002" classname="rx.internal.operators.OperatorSwitchTest" name="testSwitchWithComplete"/>
  <testcase time="0.303" classname="rx.internal.operators.OperatorSwitchTest" name="testInitialRequestsDontOverflow"/>
</testsuite>