<?xml version="1.0" encoding="UTF-8" ?>
<testsuite failures="0" time="0.395" errors="0" skipped="0" tests="95" name="rx.SingleTest">
  <properties>
[...]
</properties>
  <testcase time="0" classname="rx.SingleTest" name="doOnSuccessShouldNotSwallowExceptionThrownByAction"/>
  <testcase time="0" classname="rx.SingleTest" name="shouldEmitValueFromCallable"/>
  <testcase time="0" classname="rx.SingleTest" name="deferShouldCallSingleFactoryForEachSubscriber"/>
  <testcase time="0" classname="rx.SingleTest" name="testCreateSuccess"/>
  <testcase time="0" classname="rx.SingleTest" name="testMergeWith"/>
  <testcase time="0" classname="rx.SingleTest" name="iterableToArrayShouldThrowNullPointerExceptionIfIterableNull"/>
  <testcase time="0" classname="rx.SingleTest" name="doAfterTerminateActionShouldNotBeInvokedUntilSubscriberSubscribes"/>
  <testcase time="0" classname="rx.SingleTest" name="zip3Singles"/>
  <testcase time="0" classname="rx.SingleTest" name="doOnErrorShouldCallActionIfErrorHasOccurred"/>
  <testcase time="0" classname="rx.SingleTest" name="testTimeout"/>
  <testcase time="0" classname="rx.SingleTest" name="zip8Singles"/>
  <testcase time="0" classname="rx.SingleTest" name="testHelloWorld2"/>
  <testcase time="0" classname="rx.SingleTest" name="testUnsubscribeViaReturnedSubscription"/>
  <testcase time="0" classname="rx.SingleTest" name="testMap"/>
  <testcase time="0" classname="rx.SingleTest" name="testToBlocking"/>
  <testcase time="0" classname="rx.SingleTest" name="doAfterTerminateActionShouldBeInvokedAfterOnSuccess"/>
  <testcase time="0" classname="rx.SingleTest" name="takeUntilError_withCompletable_shouldMatch"/>
  <testcase time="0" classname="rx.SingleTest" name="testHookUnsafeSubscribeStart"/>
  <testcase time="0" classname="rx.SingleTest" name="subscribeWithNullObserver"/>
  <testcase time="0" classname="rx.SingleTest" name="deferShouldPassNullPointerExceptionToTheSubscriberIfSingleFactoryIsNull"/>
  <testcase time="0" classname="rx.SingleTest" name="testAsync"/>
  <testcase time="0" classname="rx.SingleTest" name="testMerge"/>
  <testcase time="0" classname="rx.SingleTest" name="testRetry"/>
  <testcase time="0" classname="rx.SingleTest" name="onErrorResumeNextViaFunctionShouldNotInterruptSuccessfulSingle"/>
  <testcase time="0" classname="rx.SingleTest" name="testCreateError"/>
  <testcase time="0" classname="rx.SingleTest" name="testFlatMap"/>
  <testcase time="0" classname="rx.SingleTest" name="testToObservable"/>
  <testcase time="0" classname="rx.SingleTest" name="takeUntilSingleFires"/>
  <testcase time="0" classname="rx.SingleTest" name="takeUntilError_withObservable_shouldMatch"/>
  <testcase time="0" classname="rx.SingleTest" name="zip6Singles"/>
  <testcase time="0.103" classname="rx.SingleTest" name="testTimeoutWithFallback"/>
  <testcase time="0" classname="rx.SingleTest" name="doOnSuccessShouldInvokeAction"/>
  <testcase time="0" classname="rx.SingleTest" name="testZipWith"/>
  <testcase time="0" classname="rx.SingleTest" name="doAfterTerminateActionShouldBeInvokedAfterOnError"/>
  <testcase time="0.004" classname="rx.SingleTest" name="deferShouldSubscribeSubscriberToSingleFromFactoryFuncAndEmitError"/>
  <testcase time="0.001" classname="rx.SingleTest" name="deferShouldSubscribeSubscriberToSingleFromFactoryFuncAndEmitValue"/>
  <testcase time="0.001" classname="rx.SingleTest" name="takeUntilObservableCompletes"/>
  <testcase time="0.001" classname="rx.SingleTest" name="zipEmptyIterableShouldThrow"/>
  <testcase time="0.001" classname="rx.SingleTest" name="testHookSubscribeStart"/>
  <testcase time="0.001" classname="rx.SingleTest" name="zipIterableShouldZipSetOfSingles"/>
  <testcase time="0.008" classname="rx.SingleTest" name="testRetryWhen"/>
  <testcase time="0.003" classname="rx.SingleTest" name="delayWithSchedulerShouldShortCutWithFailure"/>
  <testcase time="0.001" classname="rx.SingleTest" name="takeUntilSourceErrorUnsubscribes_withSingle"/>
  <testcase time="0.001" classname="rx.SingleTest" name="testBackpressureAsObservable"/>
  <testcase time="0.001" classname="rx.SingleTest" name="subscribeWithObserverAndGetError"/>
  <testcase time="0.001" classname="rx.SingleTest" name="doOnUnsubscribeShouldInvokeActionAfterSuccess"/>
  <testcase time="0" classname="rx.SingleTest" name="takeUntilSourceErrorUnsubscribes_withObservable"/>
  <testcase time="0.001" classname="rx.SingleTest" name="testReturnUnsubscribedWhenHookThrowsError"/>
  <testcase time="0.001" classname="rx.SingleTest" name="onErrorResumeNextViaSingleShouldPreventNullSingle"/>
  <testcase time="0.001" classname="rx.SingleTest" name="onErrorResumeNextViaFunctionShouldFailIfFunctionReturnsNull"/>
  <testcase time="0.103" classname="rx.SingleTest" name="testUnsubscribe"/>
  <testcase time="0.008" classname="rx.SingleTest" name="testHookCreate"/>
  <testcase time="0.002" classname="rx.SingleTest" name="zip4Singles"/>
  <testcase time="0.004" classname="rx.SingleTest" name="testRetryWithPredicate"/>
  <testcase time="0.001" classname="rx.SingleTest" name="shouldPassErrorFromCallable"/>
  <testcase time="0.002" classname="rx.SingleTest" name="zip9Singles"/>
  <testcase time="0" classname="rx.SingleTest" name="takeUntilSourceUnsubscribes_withObservable"/>
  <testcase time="0.002" classname="rx.SingleTest" name="doOnSubscribeShouldInvokeActionBeforeSubscriberSubscribes"/>
  <testcase time="0.001" classname="rx.SingleTest" name="takeUntilError_withSingle_shouldMatch"/>
  <testcase time="0.001" classname="rx.SingleTest" name="doOnUnsubscribeShouldInvokeActionAfterExplicitUnsubscription"/>
  <testcase time="0.001" classname="rx.SingleTest" name="deferShouldPassNullPointerExceptionToTheSubscriberIfSingleFactoryReturnsNull"/>
  <testcase time="0.001" classname="rx.SingleTest" name="onErrorResumeNextViaSingleShouldResumeWithPassedSingleInCaseOfError"/>
  <testcase time="0.001" classname="rx.SingleTest" name="doOnSubscribeShouldInvokeAction"/>
  <testcase time="0.001" classname="rx.SingleTest" name="testHookSubscribeReturn"/>
  <testcase time="0.001" classname="rx.SingleTest" name="takeUntilCompletableFires"/>
  <testcase time="0" classname="rx.SingleTest" name="iterableToArrayShouldConvertSet"/>
  <testcase time="0.001" classname="rx.SingleTest" name="zip2Singles"/>
  <testcase time="0.001" classname="rx.SingleTest" name="onErrorResumeNextViaFunctionShouldResumeWithPassedSingleInCaseOfError"/>
  <testcase time="0.001" classname="rx.SingleTest" name="toCompletableError"/>
  <testcase time="0.001" classname="rx.SingleTest" name="toCompletableSuccess"/>
  <testcase time="0.002" classname="rx.SingleTest" name="zip7Singles"/>
  <testcase time="0.004" classname="rx.SingleTest" name="unsubscribeComposesThroughAsync"/>
  <testcase time="0" classname="rx.SingleTest" name="doOnErrorShouldNotCallActionIfNoErrorHasOccurred"/>
  <testcase time="0" classname="rx.SingleTest" name="doOnUnsubscribeShouldInvokeActionAfterError"/>
  <testcase time="0" classname="rx.SingleTest" name="takeUntilSourceUnsubscribes_withSingle"/>
  <testcase time="0" classname="rx.SingleTest" name="delayWithSchedulerShouldDelayCompletion"/>
  <testcase time="0.001" classname="rx.SingleTest" name="onErrorResumeNextViaFunctionShouldPreventNullFunction"/>
  <testcase time="0.001" classname="rx.SingleTest" name="deferShouldNotCallFactoryFuncUntilSubscriberSubscribes"/>
  <testcase time="0.009" classname="rx.SingleTest" name="testRetryWithCount"/>
  <testcase time="0" classname="rx.SingleTest" name="doOnErrorShouldThrowCompositeExceptionIfOnErrorActionThrows"/>
  <testcase time="0" classname="rx.SingleTest" name="subscribeWithObserver"/>
  <testcase time="0" classname="rx.SingleTest" name="takeUntilObservableFires"/>
  <testcase time="0" classname="rx.SingleTest" name="onErrorResumeNextViaSingleShouldNotInterruptSuccessfulSingle"/>
  <testcase time="0.003" classname="rx.SingleTest" name="deferShouldPassErrorFromSingleFactoryToTheSubscriber"/>
  <testcase time="0.001" classname="rx.SingleTest" name="doOnSuccessShouldNotCallActionIfSingleThrowsError"/>
  <testcase time="0.001" classname="rx.SingleTest" name="testHookUnsafeSubscribeReturn"/>
  <testcase time="0.001" classname="rx.SingleTest" name="takeUntilSourceErrorUnsubscribes_withCompletable"/>
  <testcase time="0.001" classname="rx.SingleTest" name="zip5Singles"/>
  <testcase time="0.001" classname="rx.SingleTest" name="doOnSuccessShouldPassErrorFromActionToSubscriber"/>
  <testcase time="0.001" classname="rx.SingleTest" name="zipIterableShouldZipListOfSingles"/>
  <testcase time="0.001" classname="rx.SingleTest" name="takeUntilSourceUnsubscribes_withCompletable"/>
  <testcase time="0.105" classname="rx.SingleTest" name="testUnsubscribe2"/>
  <testcase time="0" classname="rx.SingleTest" name="testHelloWorld"/>
  <testcase time="0" classname="rx.SingleTest" name="iterableToArrayShouldConvertList"/>
  <testcase time="0" classname="rx.SingleTest" name="unsubscribeComposesThrough"/>
</testsuite>