<?xml version="1.0" encoding="UTF-8" ?>
<testsuite failures="0" time="1.264" errors="0" skipped="0" tests="37" name="rx.internal.operators.OperatorBufferTest">
  <properties>
[...]
</properties>
  <testcase time="0.002" classname="rx.internal.operators.OperatorBufferTest" name="bufferWithSizeThrows"/>
  <testcase time="0.003" classname="rx.internal.operators.OperatorBufferTest" name="bufferWithBOEmptyLastViaBoundary"/>
  <testcase time="0" classname="rx.internal.operators.OperatorBufferTest" name="bufferWithBOEmptyLastViaSource"/>
  <testcase time="0.001" classname="rx.internal.operators.OperatorBufferTest" name="bufferWithBONormal1"/>
  <testcase time="0.006" classname="rx.internal.operators.OperatorBufferTest" name="testTimed"/>
  <testcase time="0" classname="rx.internal.operators.OperatorBufferTest" name="bufferWithBOEmptyLastViaBoth"/>
  <testcase time="0.002" classname="rx.internal.operators.OperatorBufferTest" name="testSkipAndCountBuffersWithGaps"/>
  <testcase time="0" classname="rx.internal.operators.OperatorBufferTest" name="bufferWithBOSourceThrows"/>
  <testcase time="0.005" classname="rx.internal.operators.OperatorBufferTest" name="bufferWithStartEndEndThrows"/>
  <testcase time="0.001" classname="rx.internal.operators.OperatorBufferTest" name="bufferWithBoundaryTake2"/>
  <testcase time="0.001" classname="rx.internal.operators.OperatorBufferTest" name="bufferWithStartEndStartThrows"/>
  <testcase time="0.003" classname="rx.internal.operators.OperatorBufferTest" name="testObservableBasedCloser"/>
  <testcase time="0.002" classname="rx.internal.operators.OperatorBufferTest" name="testPostCompleteBackpressure"/>
  <testcase time="0.003" classname="rx.internal.operators.OperatorBufferTest" name="bufferWithStartEndBoundaryTake2"/>
  <testcase time="0" classname="rx.internal.operators.OperatorBufferTest" name="bufferWithTimeAndSize"/>
  <testcase time="0.003" classname="rx.internal.operators.OperatorBufferTest" name="testObservableBasedOpenerAndCloser"/>
  <testcase time="0.001" classname="rx.internal.operators.OperatorBufferTest" name="bufferWithTimeTake1"/>
  <testcase time="0.001" classname="rx.internal.operators.OperatorBufferTest" name="testComplete"/>
  <testcase time="0.001" classname="rx.internal.operators.OperatorBufferTest" name="bufferWithSizeSkipTake1"/>
  <testcase time="1.004" classname="rx.internal.operators.OperatorBufferTest" name="testBufferWithTimeDoesntUnsubscribeDownstream"/>
  <testcase time="0.003" classname="rx.internal.operators.OperatorBufferTest" name="bufferWithSizeTake1"/>
  <testcase time="0.201" classname="rx.internal.operators.OperatorBufferTest" name="testLongTimeAction"/>
  <testcase time="0.002" classname="rx.internal.operators.OperatorBufferTest" name="testTimedAndCount"/>
  <testcase time="0" classname="rx.internal.operators.OperatorBufferTest" name="bufferWithBOBoundaryThrows"/>
  <testcase time="0.002" classname="rx.internal.operators.OperatorBufferTest" name="testProducerRequestThroughBufferWithSize1"/>
  <testcase time="0.002" classname="rx.internal.operators.OperatorBufferTest" name="testProducerRequestThroughBufferWithSize2"/>
  <testcase time="0.002" classname="rx.internal.operators.OperatorBufferTest" name="testProducerRequestThroughBufferWithSize3"/>
  <testcase time="0.001" classname="rx.internal.operators.OperatorBufferTest" name="testProducerRequestThroughBufferWithSize4"/>
  <testcase time="0.002" classname="rx.internal.operators.OperatorBufferTest" name="testSkipAndCountGaplessBuffers"/>
  <testcase time="0" classname="rx.internal.operators.OperatorBufferTest" name="bufferWithTimeThrows"/>
  <testcase time="0.004" classname="rx.internal.operators.OperatorBufferTest" name="bufferWithTimeSkipTake2"/>
  <testcase time="0" classname="rx.internal.operators.OperatorBufferTest" name="testBufferStopsWhenUnsubscribed1"/>
  <testcase time="0.001" classname="rx.internal.operators.OperatorBufferTest" name="testSkipAndCountOverlappingBuffers"/>
  <testcase time="0.001" classname="rx.internal.operators.OperatorBufferTest" name="bufferWithStartEndEndFunctionThrows"/>
  <testcase time="0.001" classname="rx.internal.operators.OperatorBufferTest" name="testProducerRequestOverflowThroughBufferWithSize1"/>
  <testcase time="0.002" classname="rx.internal.operators.OperatorBufferTest" name="testProducerRequestOverflowThroughBufferWithSize2"/>
  <testcase time="0.001" classname="rx.internal.operators.OperatorBufferTest" name="testProducerRequestOverflowThroughBufferWithSize3"/>
</testsuite>