<?xml version="1.0" encoding="UTF-8" ?>
<testsuite failures="0" time="9.585" errors="0" skipped="0" tests="46" name="rx.internal.operators.OperatorGroupByTest">
  <properties>
[...]
</properties>
  <testcase time="0.406" classname="rx.internal.operators.OperatorGroupByTest" name="testFirstGroupsCompleteAndParentSlowToThenEmitFinalGroupsWhichThenObservesOnAndDelaysAndThenCompletes"/>
  <testcase time="0.002" classname="rx.internal.operators.OperatorGroupByTest" name="testGroupByWithNullKey"/>
  <testcase time="0.001" classname="rx.internal.operators.OperatorGroupByTest" name="testGroupByOnAsynchronousSourceAcceptsMultipleSubscriptions"/>
  <testcase time="0.001" classname="rx.internal.operators.OperatorGroupByTest" name="testBackpressureInnerDoesntOverflowOuter"/>
  <testcase time="0" classname="rx.internal.operators.OperatorGroupByTest" name="innerEscapeCompleted"/>
  <testcase time="0.009" classname="rx.internal.operators.OperatorGroupByTest" name="testUnsubscribeViaTakeOnGroupThenTakeOnInner"/>
  <testcase time="0.001" classname="rx.internal.operators.OperatorGroupByTest" name="testEvictingMapFactoryIfMapCreateThrowsFatalErrorThenSubscribeThrows"/>
  <testcase time="0.002" classname="rx.internal.operators.OperatorGroupByTest" name="testGroupByWithElementSelector"/>
  <testcase time="0.001" classname="rx.internal.operators.OperatorGroupByTest" name="testRequestOverflow"/>
  <testcase time="0.003" classname="rx.internal.operators.OperatorGroupByTest" name="testFirstGroupsCompleteAndParentSlowToThenEmitFinalGroupsAndThenComplete"/>
  <testcase time="0.001" classname="rx.internal.operators.OperatorGroupByTest" name="testEmpty"/>
  <testcase time="0.005" classname="rx.internal.operators.OperatorGroupByTest" name="testError"/>
  <testcase time="0.003" classname="rx.internal.operators.OperatorGroupByTest" name="normalBehavior"/>
  <testcase time="2.314" classname="rx.internal.operators.OperatorGroupByTest" name="testGroupByBackpressure"/>
  <testcase time="0" classname="rx.internal.operators.OperatorGroupByTest" name="testGroupByWithElementSelector2"/>
  <testcase time="0.504" classname="rx.internal.operators.OperatorGroupByTest" name="testUnsubscribeOnNestedTakeAndSyncInfiniteStream"/>
  <testcase time="0.01" classname="rx.internal.operators.OperatorGroupByTest" name="testGroupedEventStream"/>
  <testcase time="0.005" classname="rx.internal.operators.OperatorGroupByTest" name="testGroupsWithNestedSubscribeOn"/>
  <testcase time="0.002" classname="rx.internal.operators.OperatorGroupByTest" name="testEvictingMapFactoryIfMapPutThrowsFatalErrorThenErrorThrownBySubscribe"/>
  <testcase time="0.003" classname="rx.internal.operators.OperatorGroupByTest" name="testMappedCollectedGroups"/>
  <testcase time="0.002" classname="rx.internal.operators.OperatorGroupByTest" name="testGroupByUnsubscribe"/>
  <testcase time="2.427" classname="rx.internal.operators.OperatorGroupByTest" name="testgroupByBackpressure2"/>
  <testcase time="0.005" classname="rx.internal.operators.OperatorGroupByTest" name="testUnsubscribeViaTakeOnGroupThenMergeAndTake"/>
  <testcase time="0" classname="rx.internal.operators.OperatorGroupByTest" name="testGroupBy"/>
  <testcase time="0.001" classname="rx.internal.operators.OperatorGroupByTest" name="testSkippedGroup"/>
  <testcase time="0.004" classname="rx.internal.operators.OperatorGroupByTest" name="valueSelectorThrows"/>
  <testcase time="1.488" classname="rx.internal.operators.OperatorGroupByTest" name="testGroupByBackpressure2"/>
  <testcase time="0" classname="rx.internal.operators.OperatorGroupByTest" name="testCollectedGroups"/>
  <testcase time="0" classname="rx.internal.operators.OperatorGroupByTest" name="testExceptionIfSubscribeToChildMoreThanOnce"/>
  <testcase time="0" classname="rx.internal.operators.OperatorGroupByTest" name="testUnsubscribeOnNestedTakeAndAsyncInfiniteStream"/>
  <testcase time="0" classname="rx.internal.operators.OperatorGroupByTest" name="testIgnoringGroups"/>
  <testcase time="0" classname="rx.internal.operators.OperatorGroupByTest" name="testOneGroupInnerRequestsTwiceBuffer"/>
  <testcase time="0" classname="rx.internal.operators.OperatorGroupByTest" name="testGroupedObservableCollection"/>
  <testcase time="0" classname="rx.internal.operators.OperatorGroupByTest" name="testGroupByShouldPropagateError"/>
  <testcase time="0" classname="rx.internal.operators.OperatorGroupByTest" name="testGroupByThrowsNpeIfEvictingMapFactoryNull"/>
  <testcase time="0" classname="rx.internal.operators.OperatorGroupByTest" name="testError2"/>
  <testcase time="0" classname="rx.internal.operators.OperatorGroupByTest" name="testCompletionIfInnerNotSubscribed"/>
  <testcase time="0" classname="rx.internal.operators.OperatorGroupByTest" name="testEvictingMapFactoryIfMapCreateThrowsRuntimeExceptionThenErrorEmittedByStream"/>
  <testcase time="0" classname="rx.internal.operators.OperatorGroupByTest" name="keySelectorThrows"/>
  <testcase time="0" classname="rx.internal.operators.OperatorGroupByTest" name="mapFactoryEvictionWorks"/>
  <testcase time="0.166" classname="rx.internal.operators.OperatorGroupByTest" name="testFirstGroupsCompleteAndParentSlowToThenEmitFinalGroupsWhichThenSubscribesOnAndDelaysAndThenCompletes"/>
  <testcase time="0" classname="rx.internal.operators.OperatorGroupByTest" name="testEvictingMapFactoryIfMapPutThrowsRuntimeExceptionThenErrorEmittedByStream"/>
  <testcase time="0.403" classname="rx.internal.operators.OperatorGroupByTest" name="testGroupsWithNestedObserveOn"/>
  <testcase time="0.105" classname="rx.internal.operators.OperatorGroupByTest" name="testStaggeredCompletion"/>
  <testcase time="0.063" classname="rx.internal.operators.OperatorGroupByTest" name="mapFactoryEvictionWorksWithGuavaCache"/>
  <testcase time="1.648" classname="rx.internal.operators.OperatorGroupByTest" name="testBackpressureObserveOnOuter"/>
</testsuite>